TN:
SF:/Users/dylanrobinson/dev/me/javascript/structured-js/helpers/number_array_builders.js
FN:12,buildShrinking
FN:19,buildGrowing
FN:23,buildAlternatingConvergent
FN:35,buildAlternatingDivergent
FN:39,buildSmallDistributed
FNF:5
FNH:1
FNDA:0,buildShrinking
FNDA:0,buildGrowing
FNDA:0,buildAlternatingConvergent
FNDA:0,buildAlternatingDivergent
FNDA:2,buildSmallDistributed
DA:10,1
DA:13,0
DA:15,0
DA:16,0
DA:20,0
DA:24,0
DA:25,0
DA:27,0
DA:28,0
DA:29,0
DA:32,0
DA:36,0
DA:40,2
DA:41,0
DA:43,2
LF:15
LH:3
BRDA:12,1,0,0
BRDA:12,1,1,0
BRDA:12,2,0,0
BRDA:12,2,1,0
BRDA:23,3,0,0
BRDA:23,3,1,0
BRDA:23,4,0,0
BRDA:23,4,1,0
BRDA:39,5,0,0
BRDA:39,5,1,2
BRDA:39,6,0,2
BRDA:39,6,1,2
BRDA:40,7,0,0
BRDA:40,7,1,2
BRDA:40,8,0,2
BRDA:40,8,1,2
BRF:16
BRH:6
end_of_record
TN:
SF:/Users/dylanrobinson/dev/me/javascript/structured-js/helpers/tree_traversals.js
FN:7,BreadthFirstGenerator
FNF:1
FNH:1
FNDA:4,BreadthFirstGenerator
DA:1,1
DA:8,4
DA:13,4
DA:14,0
DA:19,200
DA:20,200
LF:6
LH:5
BRDA:13,1,0,4
BRDA:13,1,1,0
BRDA:14,2,0,0
BRDA:14,2,1,0
BRDA:19,3,0,100
BRDA:19,3,1,100
BRDA:20,4,0,96
BRDA:20,4,1,104
BRF:8
BRH:5
end_of_record
TN:
SF:/Users/dylanrobinson/dev/me/javascript/structured-js/src/tree/avl_tree.js
FN:27,AVLTree
FN:31,_buildNode
FN:45,_addNewNode
FN:58,_removeNode
FN:85,_largestDescendent
FN:90,_smallestDescendent
FN:95,rebalanceUp
FN:116,updateHeightAndBalance
FN:124,buildRotationFn
FN:125,(anonymous_11)
FN:143,_updateParentReference
FN:160,setChild
FNF:12
FNH:11
FNDA:81,AVLTree
FNDA:1961,_buildNode
FNDA:1914,_addNewNode
FNDA:2,_removeNode
FNDA:1,_largestDescendent
FNDA:0,_smallestDescendent
FNDA:1916,rebalanceUp
FNDA:11482,updateHeightAndBalance
FNDA:2,buildRotationFn
FNDA:1054,(anonymous_11)
FNDA:1057,_updateParentReference
FNDA:2073,setChild
DA:4,1
DA:12,1
DA:13,1
DA:15,1
DA:16,1
DA:17,1
DA:19,1
DA:20,1
DA:21,1
DA:28,81
DA:32,1961
DA:46,1914
DA:48,1914
DA:49,899
DA:52,1015
DA:55,1914
DA:59,2
DA:60,1
DA:61,1
DA:62,1
DA:63,1
DA:64,1
DA:70,1
DA:74,1
DA:76,1
DA:77,1
DA:78,1
DA:80,1
DA:86,2
DA:87,1
DA:91,0
DA:92,0
DA:96,1916
DA:97,9374
DA:99,9374
DA:100,274
DA:101,78
DA:103,274
DA:105,9100
DA:106,507
DA:107,195
DA:109,507
DA:112,9374
DA:117,11482
DA:118,11482
DA:120,11482
DA:121,11482
DA:125,1054
DA:126,1054
DA:128,1054
DA:129,1054
DA:130,1054
DA:131,1054
DA:137,1054
DA:139,1054
DA:144,1057
DA:146,1057
DA:147,1017
DA:149,1017
DA:152,40
DA:154,40
DA:155,39
DA:160,2073
DA:161,2073
DA:163,1486
LF:65
LH:63
BRDA:48,1,0,899
BRDA:48,1,1,1015
BRDA:59,2,0,1
BRDA:59,2,1,1
BRDA:59,3,0,2
BRDA:59,3,1,1
BRDA:61,4,0,1
BRDA:61,4,1,0
BRDA:62,5,0,1
BRDA:62,5,1,0
BRDA:74,6,0,1
BRDA:74,6,1,1
BRDA:77,7,0,1
BRDA:77,7,1,1
BRDA:99,8,0,274
BRDA:99,8,1,9100
BRDA:100,9,0,78
BRDA:100,9,1,196
BRDA:105,10,0,507
BRDA:105,10,1,8593
BRDA:106,11,0,195
BRDA:106,11,1,312
BRDA:117,12,0,9764
BRDA:117,12,1,1718
BRDA:118,13,0,10190
BRDA:118,13,1,1292
BRDA:146,14,0,1017
BRDA:146,14,1,40
BRDA:147,15,0,664
BRDA:147,15,1,353
BRDA:154,16,0,39
BRDA:154,16,1,1
BRDA:160,17,0,1486
BRDA:160,17,1,587
BRF:34
BRH:32
end_of_record
TN:
SF:/Users/dylanrobinson/dev/me/javascript/structured-js/src/tree/dumb_binary_search_tree.js
FN:24,DumbBinarySearchTree
FN:29,_buildNode
FN:39,getSize
FN:43,contains
FN:47,findNode
FN:55,_findClosestNode
FN:74,insert
FN:91,_addNewNode
FN:102,remove
FN:117,_removeNode
FN:156,promoteTo
FNF:11
FNH:11
FNDA:162,DumbBinarySearchTree
FNDA:1961,_buildNode
FNDA:14,getSize
FNDA:10,contains
FNDA:20,findNode
FNDA:3871,_findClosestNode
FNDA:3936,insert
FNDA:1915,_addNewNode
FNDA:8,remove
FNDA:2,_removeNode
FNDA:1,promoteTo
DA:4,1
DA:6,1
DA:7,1
DA:8,1
DA:10,1
DA:11,1
DA:14,1
DA:15,1
DA:16,1
DA:25,162
DA:26,162
DA:30,1961
DA:40,14
DA:44,10
DA:48,20
DA:50,20
DA:51,12
DA:56,3871
DA:59,3871
DA:60,17571
DA:62,17571
DA:63,6106
DA:65,11465
DA:66,7600
DA:69,3865
DA:75,3936
DA:76,3842
DA:78,3842
DA:79,14
DA:82,3828
DA:86,94
DA:88,3936
DA:92,1915
DA:94,1915
DA:95,939
DA:98,976
DA:103,8
DA:105,8
DA:106,8
DA:107,4
DA:110,4
DA:113,8
DA:120,2
DA:127,1
DA:128,1
DA:129,1
DA:134,1
DA:137,1
DA:138,0
DA:142,1
DA:143,0
DA:144,0
DA:147,0
DA:151,1
DA:156,1
DA:158,1
DA:159,1
DA:161,1
DA:162,1
DA:166,1
DA:168,1
DA:169,1
LF:62
LH:58
BRDA:50,1,0,12
BRDA:50,1,1,8
BRDA:50,2,0,20
BRDA:50,2,1,14
BRDA:62,3,0,6106
BRDA:62,3,1,11465
BRDA:62,4,0,17571
BRDA:62,4,1,7944
BRDA:65,5,0,7600
BRDA:65,5,1,3865
BRDA:65,6,0,11465
BRDA:65,6,1,9593
BRDA:75,7,0,3842
BRDA:75,7,1,94
BRDA:78,8,0,14
BRDA:78,8,1,3828
BRDA:94,9,0,939
BRDA:94,9,1,976
BRDA:105,10,0,8
BRDA:105,10,1,0
BRDA:106,11,0,4
BRDA:106,11,1,4
BRDA:120,12,0,1
BRDA:120,12,1,1
BRDA:120,13,0,1
BRDA:120,13,1,0
BRDA:137,14,0,0
BRDA:137,14,1,1
BRDA:142,15,0,0
BRDA:142,15,1,1
BRDA:143,16,0,0
BRDA:143,16,1,0
BRDA:156,17,0,1
BRDA:156,17,1,0
BRDA:168,18,0,1
BRDA:168,18,1,0
BRF:36
BRH:28
end_of_record
